Arguments: 
  /usr/local/bin/node /Users/user/.yarn/bin/yarn.js install

PATH: 
  /Users/user/istio-1.10.3/bin:/usr/local/opt/ruby/bin:/usr/local/opt/ruby/bin:/usr/local/opt/ruby/bin:/usr/local/opt/openssl@1.1/bin:/usr/local/opt/sqlite/bin:/Users/user/.yarn/bin:/Users/user/.config/yarn/global/node_modules/.bin:/Users/user/Library/flutter/bin:/usr/local/opt/ruby/bin:/usr/local/sbin:/Users/user/.rbenv/shims:/opt/local/bin:/opt/local/sbin:/usr/local/bin:/usr/bin:/bin:/usr/sbin:/sbin:/usr/local/go/bin:/usr/local/share/dotnet:/usr/local/mysql/bin:~/.dotnet/tools:/Library/Apple/usr/bin:/Library/Frameworks/Mono.framework/Versions/Current/Commands:/Users/user/istio-1.10.3/bin:/usr/local/opt/ruby/bin:/usr/local/opt/openssl@1.1/bin:/usr/local/opt/sqlite/bin:/Users/user/.yarn/bin:/Users/user/.config/yarn/global/node_modules/.bin:/Users/user/Library/flutter/bin:/usr/local/sbin:/Users/user/.rbenv/shims:/usr/local/Caskroom/google-cloud-sdk/latest/google-cloud-sdk/bin:/opt/local/bin:/opt/local/sbin:/Users/user/.cargo/bin:/Users/user/Library/Application Support/Coursier/bin:/Applications/Postgres.app/Contents/Versions/16/bin:/usr/local/Cellar/go/1.16.3/libexec//bin:/Users/user/Library/Application Support/Coursier/bin:/Applications/Postgres.app/Contents/Versions/16/bin:/usr/local/sbin:/usr/local/Cellar/go/1.16.3/libexec//bin

Yarn version: 
  1.22.5

Node version: 
  19.3.0

Platform: 
  darwin x64

Trace: 
  Error: ENOENT: no such file or directory, symlink '../dist/cli.js' -> '/Users/user/Library/Caches/Yarn/v6/npm-envinfo-7.13.0-81fbb81e5da35d74e814941aeab7c325a606fb31-integrity/node_modules/envinfo/.bin/envinfo'

npm manifest: 
  {
    "name": "rider-app",
    "version": "1.0.0",
    "main": "node_modules/expo/AppEntry.js",
    "scripts": {
      "start": "expo start",
      "android": "expo start --android",
      "ios": "expo start --ios",
      "web": "expo start --web"
    },
    "dependencies": {
      "@expo-google-fonts/dm-sans": "^0.2.3",
      "@gorhom/bottom-sheet": "^4.6.1",
      "@react-native-community/datetimepicker": "7.2.0",
      "@react-navigation/bottom-tabs": "^6.5.20",
      "@react-navigation/native": "^6.1.17",
      "@react-navigation/stack": "^6.3.29",
      "@tanstack/react-query": "^5.31.0",
      "axios": "^1.6.8",
      "expo": "^49.0.21",
      "expo-av": "~13.4.1",
      "expo-camera": "~13.4.4",
      "expo-checkbox": "~2.4.0",
      "expo-image-picker": "~14.3.2",
      "expo-permissions": "~14.2.1",
      "expo-secure-store": "~12.3.1",
      "expo-splash-screen": "~0.20.5",
      "expo-status-bar": "~1.6.0",
      "expo-updates": "~0.18.19",
      "expo-web-browser": "~12.3.2",
      "lottie-react-native": "5.1.6",
      "moment": "^2.30.1",
      "react": "18.2.0",
      "react-dom": "18.2.0",
      "react-hook-form": "^7.51.3",
      "react-native": "0.72.10",
      "react-native-element-dropdown": "^2.10.4",
      "react-native-gesture-handler": "~2.12.0",
      "react-native-maps": "1.7.1",
      "react-native-otp-textinput": "^1.1.5",
      "react-native-phone-number-input": "^2.1.0",
      "react-native-reanimated": "~3.3.0",
      "react-native-responsive-screen": "^1.4.2",
      "react-native-safe-area-context": "4.6.3",
      "react-native-svg": "13.9.0",
      "react-native-vision-camera": "^3.9.2",
      "react-native-web": "~0.19.6"
    },
    "devDependencies": {
      "@babel/core": "^7.12.9",
      "@types/react": "~18.2.14",
      "react-native-svg-transformer": "^1.3.0",
      "typescript": "^5.1.3"
    },
    "private": true
  }

yarn manifest: 
  No manifest

Lockfile: 
  No lockfile
